# JRE version: OpenJDK Runtime Environment Temurin-17.0.4+8 (17.0.4+8) (build 17.0.4+8)
# Java VM: OpenJDK 64-Bit Server VM Temurin-17.0.4+8 (17.0.4+8, mixed mode, tiered, compressed oops, compressed class ptrs, parallel gc, windows-amd64)
GC Precious Log:
 CPUs: 4 total, 4 available
 Memory: 7989M
 Large Page Support: Disabled
 NUMA Support: Disabled
 Compressed Oops: Enabled (32-bit)
 Alignments: Space 512K, Generation 512K, Heap 2M
 Heap Min Capacity: 100M
 Heap Initial Capacity: 100M
 Heap Max Capacity: 1G
 Pre-touch: Disabled
 Parallel Workers: 4
Heap:
 PSYoungGen      total 6144K, used 6137K [0x00000000eab00000, 0x00000000eb300000, 0x0000000100000000)
  eden space 5120K, 100% used [0x00000000eab00000,0x00000000eb000000,0x00000000eb000000)
  from space 1024K, 99% used [0x00000000eb000000,0x00000000eb0fe440,0x00000000eb100000)
  to   space 1536K, 98% used [0x00000000eb180000,0x00000000eb2f8fe8,0x00000000eb300000)
 ParOldGen       total 327680K, used 256014K [0x00000000c0000000, 0x00000000d4000000, 0x00000000eab00000)
  object space 327680K, 78% used [0x00000000c0000000,0x00000000cfa03bc0,0x00000000d4000000)
 Metaspace       used 81793K, committed 82944K, reserved 1122304K
  class space    used 8853K, committed 9408K, reserved 1048576K
GC Heap History (20 events):
Event: 4870.570 GC heap after
{Heap after GC invocations=18861 (full 234):
 PSYoungGen      total 9216K, used 1403K [0x00000000eab00000, 0x00000000eb680000, 0x0000000100000000)
  eden space 7680K, 0% used [0x00000000eab00000,0x00000000eab00000,0x00000000eb280000)
  from space 1536K, 91% used [0x00000000eb500000,0x00000000eb65ee28,0x00000000eb680000)
  to   space 1536K, 0% used [0x00000000eb280000,0x00000000eb280000,0x00000000eb400000)
 ParOldGen       total 325120K, used 323787K [0x00000000c0000000, 0x00000000d3d80000, 0x00000000eab00000)
  object space 325120K, 99% used [0x00000000c0000000,0x00000000d3c32e78,0x00000000d3d80000)
 Metaspace       used 81793K, committed 82944K, reserved 1122304K
  class space    used 8853K, committed 9408K, reserved 1048576K
}
Event: 4870.955 GC heap before
{Heap before GC invocations=18862 (full 234):
 PSYoungGen      total 9216K, used 9083K [0x00000000eab00000, 0x00000000eb680000, 0x0000000100000000)
  eden space 7680K, 99% used [0x00000000eab00000,0x00000000eb27ffe8,0x00000000eb280000)
  from space 1536K, 91% used [0x00000000eb500000,0x00000000eb65ee28,0x00000000eb680000)
  to   space 1536K, 0% used [0x00000000eb280000,0x00000000eb280000,0x00000000eb400000)
 ParOldGen       total 325120K, used 323787K [0x00000000c0000000, 0x00000000d3d80000, 0x00000000eab00000)
  object space 325120K, 99% used [0x00000000c0000000,0x00000000d3c32e78,0x00000000d3d80000)
 Metaspace       used 81793K, committed 82944K, reserved 1122304K
  class space    used 8853K, committed 9408K, reserved 1048576K
}
Event: 4870.962 GC heap after
{Heap after GC invocations=18862 (full 234):
 PSYoungGen      total 9216K, used 1393K [0x00000000eab00000, 0x00000000eb580000, 0x0000000100000000)
  eden space 7680K, 0% used [0x00000000eab00000,0x00000000eab00000,0x00000000eb280000)
  from space 1536K, 90% used [0x00000000eb280000,0x00000000eb3dc778,0x00000000eb400000)
  to   space 1536K, 0% used [0x00000000eb400000,0x00000000eb400000,0x00000000eb580000)
 ParOldGen       total 325120K, used 325056K [0x00000000c0000000, 0x00000000d3d80000, 0x00000000eab00000)
  object space 325120K, 99% used [0x00000000c0000000,0x00000000d3d70168,0x00000000d3d80000)
 Metaspace       used 81793K, committed 82944K, reserved 1122304K
  class space    used 8853K, committed 9408K, reserved 1048576K
}
Event: 4870.962 GC heap before
{Heap before GC invocations=18863 (full 235):
 PSYoungGen      total 9216K, used 1393K [0x00000000eab00000, 0x00000000eb580000, 0x0000000100000000)
  eden space 7680K, 0% used [0x00000000eab00000,0x00000000eab00000,0x00000000eb280000)
  from space 1536K, 90% used [0x00000000eb280000,0x00000000eb3dc778,0x00000000eb400000)
  to   space 1536K, 0% used [0x00000000eb400000,0x00000000eb400000,0x00000000eb580000)
 ParOldGen       total 325120K, used 325056K [0x00000000c0000000, 0x00000000d3d80000, 0x00000000eab00000)
  object space 325120K, 99% used [0x00000000c0000000,0x00000000d3d70168,0x00000000d3d80000)
 Metaspace       used 81793K, committed 82944K, reserved 1122304K
  class space    used 8853K, committed 9408K, reserved 1048576K
}
Event: 4871.305 GC heap after
{Heap after GC invocations=18863 (full 235):
 PSYoungGen      total 9216K, used 0K [0x00000000eab00000, 0x00000000eb580000, 0x0000000100000000)
  eden space 7680K, 0% used [0x00000000eab00000,0x00000000eab00000,0x00000000eb280000)
  from space 1536K, 0% used [0x00000000eb400000,0x00000000eb400000,0x00000000eb580000)
  to   space 1536K, 0% used [0x00000000eb280000,0x00000000eb280000,0x00000000eb400000)
 ParOldGen       total 327680K, used 248869K [0x00000000c0000000, 0x00000000d4000000, 0x00000000eab00000)
  object space 327680K, 75% used [0x00000000c0000000,0x00000000cf309708,0x00000000d4000000)
 Metaspace       used 81793K, committed 82944K, reserved 1122304K
  class space    used 8853K, committed 9408K, reserved 1048576K
}
Event: 4871.875 GC heap before
{Heap before GC invocations=18864 (full 235):
 PSYoungGen      total 9216K, used 7680K [0x00000000eab00000, 0x00000000eb580000, 0x0000000100000000)
  eden space 7680K, 100% used [0x00000000eab00000,0x00000000eb280000,0x00000000eb280000)
  from space 1536K, 0% used [0x00000000eb400000,0x00000000eb400000,0x00000000eb580000)
  to   space 1536K, 0% used [0x00000000eb280000,0x00000000eb280000,0x00000000eb400000)
 ParOldGen       total 327680K, used 248869K [0x00000000c0000000, 0x00000000d4000000, 0x00000000eab00000)
  object space 327680K, 75% used [0x00000000c0000000,0x00000000cf309708,0x00000000d4000000)
 Metaspace       used 81793K, committed 82944K, reserved 1122304K
  class space    used 8853K, committed 9408K, reserved 1048576K
}
Event: 4871.879 GC heap after
{Heap after GC invocations=18864 (full 235):
 PSYoungGen      total 9216K, used 1300K [0x00000000eab00000, 0x00000000eb580000, 0x0000000100000000)
  eden space 7680K, 0% used [0x00000000eab00000,0x00000000eab00000,0x00000000eb280000)
  from space 1536K, 84% used [0x00000000eb280000,0x00000000eb3c5200,0x00000000eb400000)
  to   space 1536K, 0% used [0x00000000eb400000,0x00000000eb400000,0x00000000eb580000)
 ParOldGen       total 327680K, used 248869K [0x00000000c0000000, 0x00000000d4000000, 0x00000000eab00000)
  object space 327680K, 75% used [0x00000000c0000000,0x00000000cf309708,0x00000000d4000000)
 Metaspace       used 81793K, committed 82944K, reserved 1122304K
  class space    used 8853K, committed 9408K, reserved 1048576K
}
Event: 4872.025 GC heap before
{Heap before GC invocations=18865 (full 235):
 PSYoungGen      total 9216K, used 8980K [0x00000000eab00000, 0x00000000eb580000, 0x0000000100000000)
  eden space 7680K, 100% used [0x00000000eab00000,0x00000000eb280000,0x00000000eb280000)
  from space 1536K, 84% used [0x00000000eb280000,0x00000000eb3c5200,0x00000000eb400000)
  to   space 1536K, 0% used [0x00000000eb400000,0x00000000eb400000,0x00000000eb580000)
 ParOldGen       total 327680K, used 248869K [0x00000000c0000000, 0x00000000d4000000, 0x00000000eab00000)
  object space 327680K, 75% used [0x00000000c0000000,0x00000000cf309708,0x00000000d4000000)
 Metaspace       used 81793K, committed 82944K, reserved 1122304K
  class space    used 8853K, committed 9408K, reserved 1048576K
}
Event: 4872.030 GC heap after
{Heap after GC invocations=18865 (full 235):
 PSYoungGen      total 7680K, used 1517K [0x00000000eab00000, 0x00000000eb880000, 0x0000000100000000)
  eden space 6144K, 0% used [0x00000000eab00000,0x00000000eab00000,0x00000000eb100000)
  from space 1536K, 98% used [0x00000000eb400000,0x00000000eb57b630,0x00000000eb580000)
  to   space 3072K, 0% used [0x00000000eb100000,0x00000000eb100000,0x00000000eb400000)
 ParOldGen       total 327680K, used 250020K [0x00000000c0000000, 0x00000000d4000000, 0x00000000eab00000)
  object space 327680K, 76% used [0x00000000c0000000,0x00000000cf429180,0x00000000d4000000)
 Metaspace       used 81793K, committed 82944K, reserved 1122304K
  class space    used 8853K, committed 9408K, reserved 1048576K
}
Event: 4872.123 GC heap before
{Heap before GC invocations=18866 (full 235):
 PSYoungGen      total 7680K, used 7661K [0x00000000eab00000, 0x00000000eb880000, 0x0000000100000000)
  eden space 6144K, 100% used [0x00000000eab00000,0x00000000eb100000,0x00000000eb100000)
  from space 1536K, 98% used [0x00000000eb400000,0x00000000eb57b630,0x00000000eb580000)
  to   space 3072K, 0% used [0x00000000eb100000,0x00000000eb100000,0x00000000eb400000)
 ParOldGen       total 327680K, used 250020K [0x00000000c0000000, 0x00000000d4000000, 0x00000000eab00000)
  object space 327680K, 76% used [0x00000000c0000000,0x00000000cf429180,0x00000000d4000000)
 Metaspace       used 81793K, committed 82944K, reserved 1122304K
  class space    used 8853K, committed 9408K, reserved 1048576K
}
Event: 4872.129 GC heap after
{Heap after GC invocations=18866 (full 235):
 PSYoungGen      total 7680K, used 1468K [0x00000000eab00000, 0x00000000eb500000, 0x0000000100000000)
  eden space 6144K, 0% used [0x00000000eab00000,0x00000000eab00000,0x00000000eb100000)
  from space 1536K, 95% used [0x00000000eb100000,0x00000000eb26f288,0x00000000eb280000)
  to   space 2048K, 0% used [0x00000000eb300000,0x00000000eb300000,0x00000000eb500000)
 ParOldGen       total 327680K, used 251552K [0x00000000c0000000, 0x00000000d4000000, 0x00000000eab00000)
  object space 327680K, 76% used [0x00000000c0000000,0x00000000cf5a83d0,0x00000000d4000000)
 Metaspace       used 81793K, committed 82944K, reserved 1122304K
  class space    used 8853K, committed 9408K, reserved 1048576K
}
Event: 4872.281 GC heap before
{Heap before GC invocations=18867 (full 235):
 PSYoungGen      total 7680K, used 7612K [0x00000000eab00000, 0x00000000eb500000, 0x0000000100000000)
  eden space 6144K, 100% used [0x00000000eab00000,0x00000000eb100000,0x00000000eb100000)
  from space 1536K, 95% used [0x00000000eb100000,0x00000000eb26f288,0x00000000eb280000)
  to   space 2048K, 0% used [0x00000000eb300000,0x00000000eb300000,0x00000000eb500000)
 ParOldGen       total 327680K, used 251552K [0x00000000c0000000, 0x00000000d4000000, 0x00000000eab00000)
  object space 327680K, 76% used [0x00000000c0000000,0x00000000cf5a83d0,0x00000000d4000000)
 Metaspace       used 81793K, committed 82944K, reserved 1122304K
  class space    used 8853K, committed 9408K, reserved 1048576K
}
Event: 4872.285 GC heap after
{Heap after GC invocations=18867 (full 235):
 PSYoungGen      total 7168K, used 2045K [0x00000000eab00000, 0x00000000eb700000, 0x0000000100000000)
  eden space 5120K, 0% used [0x00000000eab00000,0x00000000eab00000,0x00000000eb000000)
  from space 2048K, 99% used [0x00000000eb300000,0x00000000eb4ff458,0x00000000eb500000)
  to   space 3072K, 0% used [0x00000000eb000000,0x00000000eb000000,0x00000000eb300000)
 ParOldGen       total 327680K, used 251972K [0x00000000c0000000, 0x00000000d4000000, 0x00000000eab00000)
  object space 327680K, 76% used [0x00000000c0000000,0x00000000cf6112c0,0x00000000d4000000)
 Metaspace       used 81793K, committed 82944K, reserved 1122304K
  class space    used 8853K, committed 9408K, reserved 1048576K
}
Event: 4872.456 GC heap before
{Heap before GC invocations=18868 (full 235):
 PSYoungGen      total 7168K, used 7159K [0x00000000eab00000, 0x00000000eb700000, 0x0000000100000000)
  eden space 5120K, 99% used [0x00000000eab00000,0x00000000eaffe958,0x00000000eb000000)
  from space 2048K, 99% used [0x00000000eb300000,0x00000000eb4ff458,0x00000000eb500000)
  to   space 3072K, 0% used [0x00000000eb000000,0x00000000eb000000,0x00000000eb300000)
 ParOldGen       total 327680K, used 251972K [0x00000000c0000000, 0x00000000d4000000, 0x00000000eab00000)
  object space 327680K, 76% used [0x00000000c0000000,0x00000000cf6112c0,0x00000000d4000000)
 Metaspace       used 81793K, committed 82944K, reserved 1122304K
  class space    used 8853K, committed 9408K, reserved 1048576K
}
Event: 4872.462 GC heap after
{Heap after GC invocations=18868 (full 235):
 PSYoungGen      total 6144K, used 916K [0x00000000eab00000, 0x00000000eb380000, 0x0000000100000000)
  eden space 5120K, 0% used [0x00000000eab00000,0x00000000eab00000,0x00000000eb000000)
  from space 1024K, 89% used [0x00000000eb000000,0x00000000eb0e5008,0x00000000eb100000)
  to   space 1536K, 0% used [0x00000000eb200000,0x00000000eb200000,0x00000000eb380000)
 ParOldGen       total 327680K, used 253992K [0x00000000c0000000, 0x00000000d4000000, 0x00000000eab00000)
  object space 327680K, 77% used [0x00000000c0000000,0x00000000cf80a3a8,0x00000000d4000000)
 Metaspace       used 81793K, committed 82944K, reserved 1122304K
  class space    used 8853K, committed 9408K, reserved 1048576K
}
Event: 4872.606 GC heap before
{Heap before GC invocations=18869 (full 235):
 PSYoungGen      total 6144K, used 6036K [0x00000000eab00000, 0x00000000eb380000, 0x0000000100000000)
  eden space 5120K, 100% used [0x00000000eab00000,0x00000000eb000000,0x00000000eb000000)
  from space 1024K, 89% used [0x00000000eb000000,0x00000000eb0e5008,0x00000000eb100000)
  to   space 1536K, 0% used [0x00000000eb200000,0x00000000eb200000,0x00000000eb380000)
 ParOldGen       total 327680K, used 253992K [0x00000000c0000000, 0x00000000d4000000, 0x00000000eab00000)
  object space 327680K, 77% used [0x00000000c0000000,0x00000000cf80a3a8,0x00000000d4000000)
 Metaspace       used 81793K, committed 82944K, reserved 1122304K
  class space    used 8853K, committed 9408K, reserved 1048576K
}
Event: 4872.610 GC heap after
{Heap after GC invocations=18869 (full 235):
 PSYoungGen      total 6656K, used 1530K [0x00000000eab00000, 0x00000000eb400000, 0x0000000100000000)
  eden space 5120K, 0% used [0x00000000eab00000,0x00000000eab00000,0x00000000eb000000)
  from space 1536K, 99% used [0x00000000eb200000,0x00000000eb37e9e8,0x00000000eb380000)
  to   space 2048K, 0% used [0x00000000eb000000,0x00000000eb000000,0x00000000eb200000)
 ParOldGen       total 327680K, used 254141K [0x00000000c0000000, 0x00000000d4000000, 0x00000000eab00000)
  object space 327680K, 77% used [0x00000000c0000000,0x00000000cf82f7e0,0x00000000d4000000)
 Metaspace       used 81793K, committed 82944K, reserved 1122304K
  class space    used 8853K, committed 9408K, reserved 1048576K
}
Event: 4872.708 GC heap before
{Heap before GC invocations=18870 (full 235):
 PSYoungGen      total 6656K, used 6650K [0x00000000eab00000, 0x00000000eb400000, 0x0000000100000000)
  eden space 5120K, 100% used [0x00000000eab00000,0x00000000eb000000,0x00000000eb000000)
  from space 1536K, 99% used [0x00000000eb200000,0x00000000eb37e9e8,0x00000000eb380000)
  to   space 2048K, 0% used [0x00000000eb000000,0x00000000eb000000,0x00000000eb200000)
 ParOldGen       total 327680K, used 254141K [0x00000000c0000000, 0x00000000d4000000, 0x00000000eab00000)
  object space 327680K, 77% used [0x00000000c0000000,0x00000000cf82f7e0,0x00000000d4000000)
 Metaspace       used 81793K, committed 82944K, reserved 1122304K
  class space    used 8853K, committed 9408K, reserved 1048576K
}
Event: 4872.713 GC heap after
{Heap after GC invocations=18870 (full 235):
 PSYoungGen      total 6144K, used 1017K [0x00000000eab00000, 0x00000000eb300000, 0x0000000100000000)
  eden space 5120K, 0% used [0x00000000eab00000,0x00000000eab00000,0x00000000eb000000)
  from space 1024K, 99% used [0x00000000eb000000,0x00000000eb0fe440,0x00000000eb100000)
  to   space 1536K, 0% used [0x00000000eb180000,0x00000000eb180000,0x00000000eb300000)
 ParOldGen       total 327680K, used 255635K [0x00000000c0000000, 0x00000000d4000000, 0x00000000eab00000)
  object space 327680K, 78% used [0x00000000c0000000,0x00000000cf9a4db8,0x00000000d4000000)
 Metaspace       used 81793K, committed 82944K, reserved 1122304K
  class space    used 8853K, committed 9408K, reserved 1048576K
}
Event: 4872.805 GC heap before
{Heap before GC invocations=18871 (full 235):
 PSYoungGen      total 6144K, used 6137K [0x00000000eab00000, 0x00000000eb300000, 0x0000000100000000)
  eden space 5120K, 100% used [0x00000000eab00000,0x00000000eb000000,0x00000000eb000000)
  from space 1024K, 99% used [0x00000000eb000000,0x00000000eb0fe440,0x00000000eb100000)
  to   space 1536K, 0% used [0x00000000eb180000,0x00000000eb180000,0x00000000eb300000)
 ParOldGen       total 327680K, used 255635K [0x00000000c0000000, 0x00000000d4000000, 0x00000000eab00000)
  object space 327680K, 78% used [0x00000000c0000000,0x00000000cf9a4db8,0x00000000d4000000)
 Metaspace       used 81793K, committed 82944K, reserved 1122304K
  class space    used 8853K, committed 9408K, reserved 1048576K
}

