# JRE version: Java(TM) SE Runtime Environment (11.0.1+13) (build 11.0.1+13-LTS)
# Java VM: Java HotSpot(TM) 64-Bit Server VM (11.0.1+13-LTS, mixed mode, tiered, compressed oops, g1 gc, windows-amd64)
Heap:
 garbage-first heap   total 234496K, used 182790K [0x0000000080000000, 0x0000000100000000)
  region size 1024K, 35 young (35840K), 5 survivors (5120K)
 Metaspace       used 101919K, capacity 105558K, committed 105712K, reserved 608256K
  class space    used 13321K, capacity 14680K, committed 14708K, reserved 516096K
GC Heap History (10 events):
Event: 344.281 GC heap before
{Heap before GC invocations=94 (full 0):
 garbage-first heap   total 234496K, used 197435K [0x0000000080000000, 0x0000000100000000)
  region size 1024K, 54 young (55296K), 5 survivors (5120K)
 Metaspace       used 100757K, capacity 104323K, committed 104688K, reserved 606208K
  class space    used 13220K, capacity 14569K, committed 14708K, reserved 516096K
}
Event: 344.310 GC heap after
{Heap after GC invocations=95 (full 0):
 garbage-first heap   total 234496K, used 148384K [0x0000000080000000, 0x0000000100000000)
  region size 1024K, 5 young (5120K), 5 survivors (5120K)
 Metaspace       used 100757K, capacity 104323K, committed 104688K, reserved 606208K
  class space    used 13220K, capacity 14569K, committed 14708K, reserved 516096K
}
Event: 344.953 GC heap before
{Heap before GC invocations=96 (full 0):
 garbage-first heap   total 234496K, used 198560K [0x0000000080000000, 0x0000000100000000)
  region size 1024K, 54 young (55296K), 5 survivors (5120K)
 Metaspace       used 100757K, capacity 104323K, committed 104688K, reserved 606208K
  class space    used 13220K, capacity 14569K, committed 14708K, reserved 516096K
}
Event: 344.973 GC heap after
{Heap after GC invocations=97 (full 0):
 garbage-first heap   total 234496K, used 149207K [0x0000000080000000, 0x0000000100000000)
  region size 1024K, 5 young (5120K), 5 survivors (5120K)
 Metaspace       used 100757K, capacity 104323K, committed 104688K, reserved 606208K
  class space    used 13220K, capacity 14569K, committed 14708K, reserved 516096K
}
Event: 345.650 GC heap before
{Heap before GC invocations=97 (full 0):
 garbage-first heap   total 234496K, used 199383K [0x0000000080000000, 0x0000000100000000)
  region size 1024K, 54 young (55296K), 5 survivors (5120K)
 Metaspace       used 100759K, capacity 104323K, committed 104688K, reserved 606208K
  class space    used 13220K, capacity 14569K, committed 14708K, reserved 516096K
}
Event: 345.668 GC heap after
{Heap after GC invocations=98 (full 0):
 garbage-first heap   total 234496K, used 149954K [0x0000000080000000, 0x0000000100000000)
  region size 1024K, 4 young (4096K), 4 survivors (4096K)
 Metaspace       used 100759K, capacity 104323K, committed 104688K, reserved 606208K
  class space    used 13220K, capacity 14569K, committed 14708K, reserved 516096K
}
Event: 346.758 GC heap before
{Heap before GC invocations=99 (full 0):
 garbage-first heap   total 234496K, used 201154K [0x0000000080000000, 0x0000000100000000)
  region size 1024K, 54 young (55296K), 4 survivors (4096K)
 Metaspace       used 100762K, capacity 104323K, committed 104688K, reserved 606208K
  class space    used 13220K, capacity 14569K, committed 14708K, reserved 516096K
}
Event: 346.780 GC heap after
{Heap after GC invocations=100 (full 0):
 garbage-first heap   total 234496K, used 150878K [0x0000000080000000, 0x0000000100000000)
  region size 1024K, 5 young (5120K), 5 survivors (5120K)
 Metaspace       used 100762K, capacity 104323K, committed 104688K, reserved 606208K
  class space    used 13220K, capacity 14569K, committed 14708K, reserved 516096K
}
Event: 349.622 GC heap before
{Heap before GC invocations=100 (full 0):
 garbage-first heap   total 234496K, used 202078K [0x0000000080000000, 0x0000000100000000)
  region size 1024K, 55 young (56320K), 5 survivors (5120K)
 Metaspace       used 101178K, capacity 104852K, committed 104944K, reserved 608256K
  class space    used 13236K, capacity 14616K, committed 14708K, reserved 516096K
}
Event: 349.642 GC heap after
{Heap after GC invocations=101 (full 0):
 garbage-first heap   total 234496K, used 153094K [0x0000000080000000, 0x0000000100000000)
  region size 1024K, 5 young (5120K), 5 survivors (5120K)
 Metaspace       used 101178K, capacity 104852K, committed 104944K, reserved 608256K
  class space    used 13236K, capacity 14616K, committed 14708K, reserved 516096K
}

